#
# A fatal error has been detected by the Java Runtime Environment:
#
#  SIGSEGV (0xb) at pc=0x00007f1800d1a225, pid=6673, tid=139740990408448
#
# JRE version: OpenJDK Runtime Environment (7.0_95) (build 1.7.0_95-b00)
# Java VM: OpenJDK 64-Bit Server VM (24.95-b01 mixed mode linux-amd64 compressed oops)
# Derivative: IcedTea 2.6.4
# Distribution: Ubuntu 14.04.3 LTS, package 7u95-2.6.4-0ubuntu0.14.04.1
# Problematic frame:
# V  [libjvm.so+0x519225]
#
# Failed to write core dump. Core dumps have been disabled. To enable core dumping, try "ulimit -c unlimited" before starting Java again
#
# If you would like to submit a bug report, please include
# instructions on how to reproduce the bug and visit:
#   http://icedtea.classpath.org/bugzilla
#

---------------  T H R E A D  ---------------

Current thread (0x00007f17f80b5800):  JavaThread "JDWP Transport Listener: dt_socket" daemon [_thread_in_vm, id=6690, stack(0x00007f17fc080000,0x00007f17fc181000)]

siginfo:si_signo=SIGSEGV: si_errno=0, si_code=128 (), si_addr=0x0000000000000000

Registers:
RAX=0x2e66c35de5894855, RBX=0x00007f17fc17e670, RCX=0x00007f17f8029f20, RDX=0x00007f17fc17e6d0
RSP=0x00007f17fc17e5c0, RBP=0x00007f17fc17e5f0, RSI=0x00007f17f5005360, RDI=0x0000000000000000
R8 =0x00007f180235c718, R9 =0x0000000000000018, R10=0x0000000000000800, R11=0x0000000000000000
R12=0x00007f17d0b36978, R13=0x00007f17fc17e600, R14=0x00007f18015f6df8, R15=0x00007f17fc17e6d0
RIP=0x00007f1800d1a225, EFLAGS=0x0000000000010246, CSGSFS=0x0000000000000033, ERR=0x0000000000000000
  TRAPNO=0x000000000000000d

Top of Stack: (sp=0x00007f17fc17e5c0)
0x00007f17fc17e5c0:   00007f17fc17e5e0 00007f17fc17e670
0x00007f17fc17e5d0:   00007f17fc17e6d0 00007f17fc17e600
0x00007f17fc17e5e0:   00007f18015f6df8 000000000000001f
0x00007f17fc17e5f0:   00007f17fc17e650 00007f1800d1718c
0x00007f17fc17e600:   0000000000000000 00007f17f8009aa0
0x00007f17fc17e610:   0000000000000000 00007f180110dcb6
0x00007f17fc17e620:   00007f17fc17e640 00007f180105b519
0x00007f17fc17e630:   00007f17fc17e6d0 00007f17d0b36970
0x00007f17fc17e640:   00007f17fc17e6d0 00007f17fc17e670
0x00007f17fc17e650:   00007f17fc17f280 00007f180114b077
0x00007f17fc17e660:   00007f17fc17e760 00007f17fc17e690
0x00007f17fc17e670:   00007f1800c54040 0000000000841f0f
0x00007f17fc17e680:   0000000000000000 00007f1800000000
0x00007f17fc17e690:   2e66c35de5894855 00007f1800c54040
0x00007f17fc17e6a0:   0000000000000000 0000000000000000
0x00007f17fc17e6b0:   0000000000000000 00007f180105b519
0x00007f17fc17e6c0:   00007f17fc17e760 00007f17d0c3dab0
0x00007f17fc17e6d0:   0000000000000000 0000000000000000
0x00007f17fc17e6e0:   0000000000000000 0000000000000000
0x00007f17fc17e6f0:   0000000000000000 0000000000000000
0x00007f17fc17e700:   0000000000000000 0000000000000000
0x00007f17fc17e710:   0000000000000000 0000000000000000
0x00007f17fc17e720:   00007f180235c718 00007f180235c718
0x00007f17fc17e730:   0000000000000000 0000000000000000
0x00007f17fc17e740:   0000000000000000 0000000000000000
0x00007f17fc17e750:   0000000000000000 0000000000000000
0x00007f17fc17e760:   0000000000000000 0000000000000000
0x00007f17fc17e770:   0000000000000000 0000000000000000
0x00007f17fc17e780:   0000000000000000 0000000000000000
0x00007f17fc17e790:   0000000000000000 0000000000000000
0x00007f17fc17e7a0:   0000000000000000 0000000000000000
0x00007f17fc17e7b0:   0000000000000000 0000000000000000 

Instructions: (pc=0x00007f1800d1a225)
0x00007f1800d1a205:   e9 93 fe ff ff 66 0f 1f 44 00 00 c7 43 18 00 00
0x00007f1800d1a215:   00 00 e9 09 ff ff ff 0f 1f 40 00 49 8b 44 24 20
0x00007f1800d1a225:   48 8b 10 48 8b 78 08 48 83 c0 10 48 89 03 48 89
0x00007f1800d1a235:   43 28 48 89 53 20 e9 25 fe ff ff 48 8d 0d 79 12 

Register to memory mapping:

RAX=0x2e66c35de5894855 is an unknown value
RBX=0x00007f17fc17e670 is pointing into the stack for thread: 0x00007f17f80b5800
RCX=0x00007f17f8029f20 is an unknown value
RDX=0x00007f17fc17e6d0 is pointing into the stack for thread: 0x00007f17f80b5800
RSP=0x00007f17fc17e5c0 is pointing into the stack for thread: 0x00007f17f80b5800
RBP=0x00007f17fc17e5f0 is pointing into the stack for thread: 0x00007f17f80b5800
RSI=0x00007f17f5005360 is pointing into interpreter code (not bytecode specific)
RDI=0x0000000000000000 is an unknown value
R8 =0x00007f180235c718 is pointing into the stack for thread: 0x00007f17f800c800
R9 =0x0000000000000018 is an unknown value
R10=0x0000000000000800 is an unknown value
R11=0x0000000000000000 is an unknown value
R12=0x00007f17d0b36978 is an unknown value
R13=0x00007f17fc17e600 is pointing into the stack for thread: 0x00007f17f80b5800
R14=0x00007f18015f6df8: <offset 0xdf5df8> in /usr/lib/jvm/java-7-openjdk-amd64/jre/lib/amd64/server/libjvm.so at 0x00007f1800801000
R15=0x00007f17fc17e6d0 is pointing into the stack for thread: 0x00007f17f80b5800


Stack: [0x00007f17fc080000,0x00007f17fc181000],  sp=0x00007f17fc17e5c0,  free space=1017k
Native frames: (J=compiled Java code, j=interpreted, Vv=VM code, C=native code)
V  [libjvm.so+0x519225]
V  [libjvm.so+0x51618c]
V  [libjvm.so+0x94a077]
V  [libjvm.so+0x94a348]
V  [libjvm.so+0x69e628]
V  [libjvm.so+0x69f4f7]
V  [libjvm.so+0x695a24]
V  [libjvm.so+0x64d7e2]
C  [libjdwp.so+0xa58a]
C  [libjdwp.so+0x11698]
C  [libjdwp.so+0x23795]
V  [libjvm.so+0x6b14eb]
V  [libjvm.so+0x907e50]
V  [libjvm.so+0x9080c1]
V  [libjvm.so+0x7cc682]


---------------  P R O C E S S  ---------------

Java Threads: ( => current thread )
  0x00007f17cc001000 JavaThread "SIGTERM handler" daemon [_thread_blocked, id=6706, stack(0x00007f17f2abe000,0x00007f17f2bbf000)]
  0x00007f17f80c0800 JavaThread "Service Thread" daemon [_thread_blocked, id=6699, stack(0x00007f17f27bb000,0x00007f17f28bc000)]
  0x00007f17f80be000 JavaThread "C2 CompilerThread1" daemon [_thread_blocked, id=6698, stack(0x00007f17f28bc000,0x00007f17f29bd000)]
  0x00007f17f80bb800 JavaThread "C2 CompilerThread0" daemon [_thread_blocked, id=6697, stack(0x00007f17f29bd000,0x00007f17f2abe000)]
  0x00007f17f80b9000 JavaThread "JDWP Event Helper Thread" daemon [_thread_blocked, id=6693, stack(0x00007f17f2bbf000,0x00007f17f2cc0000)]
=>0x00007f17f80b5800 JavaThread "JDWP Transport Listener: dt_socket" daemon [_thread_in_vm, id=6690, stack(0x00007f17fc080000,0x00007f17fc181000)]
  0x00007f17f807e000 JavaThread "Finalizer" daemon [_thread_blocked, id=6686, stack(0x00007f17fc487000,0x00007f17fc588000)]
  0x00007f17f807c000 JavaThread "Reference Handler" daemon [_thread_blocked, id=6685, stack(0x00007f17fc588000,0x00007f17fc689000)]
  0x00007f17f800c800 JavaThread "main" [_thread_blocked, id=6679, stack(0x00007f1802321000,0x00007f1802422000)]

Other Threads:
  0x00007f17f8078000 VMThread [stack: 0x00007f17fc689000,0x00007f17fc78a000] [id=6684]

VM state:synchronizing (normal execution)

VM Mutex/Monitor currently owned by a thread:  ([mutex/lock_event])
[0x00007f17f8008a20] Threads_lock - owner thread: 0x00007f17f8078000

Heap
 PSYoungGen      total 17920K, used 1843K [0x00000000ebf00000, 0x00000000ed300000, 0x0000000100000000)
  eden space 15360K, 12% used [0x00000000ebf00000,0x00000000ec0ccfa8,0x00000000ece00000)
  from space 2560K, 0% used [0x00000000ed080000,0x00000000ed080000,0x00000000ed300000)
  to   space 2560K, 0% used [0x00000000ece00000,0x00000000ece00000,0x00000000ed080000)
 ParOldGen       total 40960K, used 0K [0x00000000c3e00000, 0x00000000c6600000, 0x00000000ebf00000)
  object space 40960K, 0% used [0x00000000c3e00000,0x00000000c3e00000,0x00000000c6600000)
 PSPermGen       total 21504K, used 2849K [0x00000000b9800000, 0x00000000bad00000, 0x00000000c3e00000)
  object space 21504K, 13% used [0x00000000b9800000,0x00000000b9ac8638,0x00000000bad00000)

Card table byte_map: [0x00007f17fe1fe000,0x00007f17fe433000] byte_map_base: 0x00007f17fdc32000

Polling page: 0x00007f180243e000

Code Cache  [0x00007f17f5000000, 0x00007f17f5270000, 0x00007f17f8000000)
 total_blobs=159 nmethods=0 adapters=136 free_code_cache=48776Kb largest_free_block=49946752

Compilation events (0 events):
No events

GC Heap History (0 events):
No events

Deoptimization events (0 events):
No events

Internal exceptions (6 events):
Event: 0.040 Thread 0x00007f17f800c800 Threw 0x00000000ebf0f140 at /build/openjdk-7-2FOwCu/openjdk-7-7u95-2.6.4/build/openjdk/hotspot/src/share/vm/prims/jni.cpp:4027
Event: 0.149 Thread 0x00007f17f800c800 Threw 0x00000000ebf44e30 at /build/openjdk-7-2FOwCu/openjdk-7-7u95-2.6.4/build/openjdk/hotspot/src/share/vm/prims/jni.cpp:721
Event: 0.149 Thread 0x00007f17f800c800 Threw 0x00000000ebf44fb0 at /build/openjdk-7-2FOwCu/openjdk-7-7u95-2.6.4/build/openjdk/hotspot/src/share/vm/prims/jvm.cpp:1322
Event: 0.149 Thread 0x00007f17f800c800 Threw 0x00000000ebf450d8 at /build/openjdk-7-2FOwCu/openjdk-7-7u95-2.6.4/build/openjdk/hotspot/src/share/vm/prims/jvm.cpp:1322
Event: 0.150 Thread 0x00007f17f800c800 Threw 0x00000000ebf4b7f0 at /build/openjdk-7-2FOwCu/openjdk-7-7u95-2.6.4/build/openjdk/hotspot/src/share/vm/prims/jvm.cpp:1322
Event: 0.157 Thread 0x00007f17f800c800 Threw 0x00000000ebfeb798 at /build/openjdk-7-2FOwCu/openjdk-7-7u95-2.6.4/build/openjdk/hotspot/src/share/vm/interpreter/interpreterRuntime.cpp:333

Events (10 events):
Event: 4.141 Executing VM operation: EnableBiasedLocking done
Event: 10.967 Thread 0x00007f17d0001000 Thread exited: 0x00007f17d0001000
Event: 23.456 loading class 0x00007f17fda01e90
Event: 23.456 loading class 0x00007f17fda01e90 done
Event: 23.458 Thread 0x00007f17cc001000 Thread added: 0x00007f17cc001000
Event: 23.458 loading class 0x00007f17fd9af460
Event: 23.459 loading class 0x00007f17fd9af460 done
Event: 23.459 loading class 0x00007f17f80d3dc0
Event: 23.459 loading class 0x00007f17f80d3dc0 done
Event: 23.460 Thread 0x00007f17f80a8800 Thread exited: 0x00007f17f80a8800


Dynamic libraries:
00400000-00401000 r-xp 00000000 08:07 149357                             /usr/lib/jvm/java-7-openjdk-amd64/jre/bin/java
00600000-00601000 r--p 00000000 08:07 149357                             /usr/lib/jvm/java-7-openjdk-amd64/jre/bin/java
00601000-00602000 rw-p 00001000 08:07 149357                             /usr/lib/jvm/java-7-openjdk-amd64/jre/bin/java
01dea000-01e0b000 rw-p 00000000 00:00 0                                  [heap]
b9800000-bad00000 rw-p 00000000 00:00 0 
bad00000-c3e00000 rw-p 00000000 00:00 0 
c3e00000-c6600000 rw-p 00000000 00:00 0 
c6600000-ebf00000 rw-p 00000000 00:00 0 
ebf00000-ed300000 rw-p 00000000 00:00 0 
ed300000-100000000 rw-p 00000000 00:00 0 
7f17b4000000-7f17b4021000 rw-p 00000000 00:00 0 
7f17b4021000-7f17b8000000 ---p 00000000 00:00 0 
7f17b8000000-7f17b8021000 rw-p 00000000 00:00 0 
7f17b8021000-7f17bc000000 ---p 00000000 00:00 0 
7f17bc000000-7f17bc021000 rw-p 00000000 00:00 0 
7f17bc021000-7f17c0000000 ---p 00000000 00:00 0 
7f17c0000000-7f17c0021000 rw-p 00000000 00:00 0 
7f17c0021000-7f17c4000000 ---p 00000000 00:00 0 
7f17c4000000-7f17c4021000 rw-p 00000000 00:00 0 
7f17c4021000-7f17c8000000 ---p 00000000 00:00 0 
7f17c8000000-7f17c8021000 rw-p 00000000 00:00 0 
7f17c8021000-7f17cc000000 ---p 00000000 00:00 0 
7f17cc000000-7f17cc021000 rw-p 00000000 00:00 0 
7f17cc021000-7f17d0000000 ---p 00000000 00:00 0 
7f17d0000000-7f17d0c86000 rw-p 00000000 00:00 0 
7f17d0c86000-7f17d4000000 ---p 00000000 00:00 0 
7f17d4000000-7f17d4021000 rw-p 00000000 00:00 0 
7f17d4021000-7f17d8000000 ---p 00000000 00:00 0 
7f17d8000000-7f17d8021000 rw-p 00000000 00:00 0 
7f17d8021000-7f17dc000000 ---p 00000000 00:00 0 
7f17dc000000-7f17dc021000 rw-p 00000000 00:00 0 
7f17dc021000-7f17e0000000 ---p 00000000 00:00 0 
7f17e0000000-7f17e0021000 rw-p 00000000 00:00 0 
7f17e0021000-7f17e4000000 ---p 00000000 00:00 0 
7f17e4000000-7f17e4021000 rw-p 00000000 00:00 0 
7f17e4021000-7f17e8000000 ---p 00000000 00:00 0 
7f17e8000000-7f17e8021000 rw-p 00000000 00:00 0 
7f17e8021000-7f17ec000000 ---p 00000000 00:00 0 
7f17ec000000-7f17ec021000 rw-p 00000000 00:00 0 
7f17ec021000-7f17f0000000 ---p 00000000 00:00 0 
7f17f26ba000-7f17f26bb000 ---p 00000000 00:00 0 
7f17f26bb000-7f17f27bb000 rw-p 00000000 00:00 0 
7f17f27bb000-7f17f27be000 ---p 00000000 00:00 0 
7f17f27be000-7f17f28bc000 rw-p 00000000 00:00 0                          [stack:6699]
7f17f28bc000-7f17f28bf000 ---p 00000000 00:00 0 
7f17f28bf000-7f17f29bd000 rw-p 00000000 00:00 0                          [stack:6698]
7f17f29bd000-7f17f29c0000 ---p 00000000 00:00 0 
7f17f29c0000-7f17f2abe000 rw-p 00000000 00:00 0                          [stack:6697]
7f17f2abe000-7f17f2ac1000 ---p 00000000 00:00 0 
7f17f2ac1000-7f17f2bbf000 rw-p 00000000 00:00 0                          [stack:6706]
7f17f2bbf000-7f17f2bc2000 ---p 00000000 00:00 0 
7f17f2bc2000-7f17f5000000 rw-p 00000000 00:00 0                          [stack:6693]
7f17f5000000-7f17f5270000 rwxp 00000000 00:00 0 
7f17f5270000-7f17f812b000 rw-p 00000000 00:00 0 
7f17f812b000-7f17fc000000 ---p 00000000 00:00 0 
7f17fc080000-7f17fc083000 ---p 00000000 00:00 0 
7f17fc083000-7f17fc181000 rw-p 00000000 00:00 0                          [stack:6690]
7f17fc181000-7f17fc185000 r-xp 00000000 08:07 149424                     /usr/lib/jvm/java-7-openjdk-amd64/jre/lib/amd64/libdt_socket.so
7f17fc185000-7f17fc384000 ---p 00004000 08:07 149424                     /usr/lib/jvm/java-7-openjdk-amd64/jre/lib/amd64/libdt_socket.so
7f17fc384000-7f17fc385000 r--p 00003000 08:07 149424                     /usr/lib/jvm/java-7-openjdk-amd64/jre/lib/amd64/libdt_socket.so
7f17fc385000-7f17fc386000 rw-p 00004000 08:07 149424                     /usr/lib/jvm/java-7-openjdk-amd64/jre/lib/amd64/libdt_socket.so
7f17fc386000-7f17fc389000 ---p 00000000 00:00 0 
7f17fc389000-7f17fc487000 rw-p 00000000 00:00 0 
7f17fc487000-7f17fc48a000 ---p 00000000 00:00 0 
7f17fc48a000-7f17fc588000 rw-p 00000000 00:00 0                          [stack:6686]
7f17fc588000-7f17fc58b000 ---p 00000000 00:00 0 
7f17fc58b000-7f17fc689000 rw-p 00000000 00:00 0                          [stack:6685]
7f17fc689000-7f17fc68a000 ---p 00000000 00:00 0 
7f17fc68a000-7f17fd787000 rw-p 00000000 00:00 0                          [stack:6684]
7f17fd787000-7f17fd939000 r--s 01d2f000 08:07 149412                     /usr/lib/jvm/java-7-openjdk-amd64/jre/lib/rt.jar
7f17fd939000-7f17fdc66000 rw-p 00000000 00:00 0 
7f17fdc66000-7f17fdc67000 ---p 00000000 00:00 0 
7f17fdc67000-7f17fdd67000 rw-p 00000000 00:00 0                          [stack:6683]
7f17fdd67000-7f17fdd68000 ---p 00000000 00:00 0 
7f17fdd68000-7f17fde68000 rw-p 00000000 00:00 0                          [stack:6682]
7f17fde68000-7f17fde69000 ---p 00000000 00:00 0 
7f17fde69000-7f17fdf69000 rw-p 00000000 00:00 0                          [stack:6681]
7f17fdf69000-7f17fdf6a000 ---p 00000000 00:00 0 
7f17fdf6a000-7f17fe075000 rw-p 00000000 00:00 0                          [stack:6680]
7f17fe075000-7f17fe0bd000 rw-p 00000000 00:00 0 
7f17fe0bd000-7f17fe0d1000 rw-p 00000000 00:00 0 
7f17fe0d1000-7f17fe1fe000 rw-p 00000000 00:00 0 
7f17fe1fe000-7f17fe209000 rw-p 00000000 00:00 0 
7f17fe209000-7f17fe251000 rw-p 00000000 00:00 0 
7f17fe251000-7f17fe265000 rw-p 00000000 00:00 0 
7f17fe265000-7f17fe391000 rw-p 00000000 00:00 0 
7f17fe391000-7f17fe39c000 rw-p 00000000 00:00 0 
7f17fe39c000-7f17fe432000 rw-p 00000000 00:00 0 
7f17fe432000-7f17fe433000 rw-p 00000000 00:00 0 
7f17fe433000-7f17fe43b000 r-xp 00000000 08:07 149421                     /usr/lib/jvm/java-7-openjdk-amd64/jre/lib/amd64/libzip.so
7f17fe43b000-7f17fe63a000 ---p 00008000 08:07 149421                     /usr/lib/jvm/java-7-openjdk-amd64/jre/lib/amd64/libzip.so
7f17fe63a000-7f17fe63b000 r--p 00007000 08:07 149421                     /usr/lib/jvm/java-7-openjdk-amd64/jre/lib/amd64/libzip.so
7f17fe63b000-7f17fe63c000 rw-p 00008000 08:07 149421                     /usr/lib/jvm/java-7-openjdk-amd64/jre/lib/amd64/libzip.so
7f17fe63c000-7f17fe647000 r-xp 00000000 08:07 1444601                    /lib/x86_64-linux-gnu/libnss_files-2.19.so
7f17fe647000-7f17fe846000 ---p 0000b000 08:07 1444601                    /lib/x86_64-linux-gnu/libnss_files-2.19.so
7f17fe846000-7f17fe847000 r--p 0000a000 08:07 1444601                    /lib/x86_64-linux-gnu/libnss_files-2.19.so
7f17fe847000-7f17fe848000 rw-p 0000b000 08:07 1444601                    /lib/x86_64-linux-gnu/libnss_files-2.19.so
7f17fe848000-7f17fe853000 r-xp 00000000 08:07 1445784                    /lib/x86_64-linux-gnu/libnss_nis-2.19.so
7f17fe853000-7f17fea52000 ---p 0000b000 08:07 1445784                    /lib/x86_64-linux-gnu/libnss_nis-2.19.so
7f17fea52000-7f17fea53000 r--p 0000a000 08:07 1445784                    /lib/x86_64-linux-gnu/libnss_nis-2.19.so
7f17fea53000-7f17fea54000 rw-p 0000b000 08:07 1445784                    /lib/x86_64-linux-gnu/libnss_nis-2.19.so
7f17fea54000-7f17fea6b000 r-xp 00000000 08:07 1445773                    /lib/x86_64-linux-gnu/libnsl-2.19.so
7f17fea6b000-7f17fec6a000 ---p 00017000 08:07 1445773                    /lib/x86_64-linux-gnu/libnsl-2.19.so
7f17fec6a000-7f17fec6b000 r--p 00016000 08:07 1445773                    /lib/x86_64-linux-gnu/libnsl-2.19.so
7f17fec6b000-7f17fec6c000 rw-p 00017000 08:07 1445773                    /lib/x86_64-linux-gnu/libnsl-2.19.so
7f17fec6c000-7f17fec6e000 rw-p 00000000 00:00 0 
7f17fec6e000-7f17fec77000 r-xp 00000000 08:07 1445772                    /lib/x86_64-linux-gnu/libnss_compat-2.19.so
7f17fec77000-7f17fee76000 ---p 00009000 08:07 1445772                    /lib/x86_64-linux-gnu/libnss_compat-2.19.so
7f17fee76000-7f17fee77000 r--p 00008000 08:07 1445772                    /lib/x86_64-linux-gnu/libnss_compat-2.19.so
7f17fee77000-7f17fee78000 rw-p 00009000 08:07 1445772                    /lib/x86_64-linux-gnu/libnss_compat-2.19.so
7f17fee78000-7f17ff55a000 r--p 00000000 08:07 139007                     /usr/lib/locale/locale-archive
7f17ff55a000-7f17ff55c000 r-xp 00000000 08:07 149430                     /usr/lib/jvm/java-7-openjdk-amd64/jre/lib/amd64/libnpt.so
7f17ff55c000-7f17ff75c000 ---p 00002000 08:07 149430                     /usr/lib/jvm/java-7-openjdk-amd64/jre/lib/amd64/libnpt.so
7f17ff75c000-7f17ff75d000 r--p 00002000 08:07 149430                     /usr/lib/jvm/java-7-openjdk-amd64/jre/lib/amd64/libnpt.so
7f17ff75d000-7f17ff75e000 rw-p 00003000 08:07 149430                     /usr/lib/jvm/java-7-openjdk-amd64/jre/lib/amd64/libnpt.so
7f17ff75e000-7f17ff798000 r-xp 00000000 08:07 149439                     /usr/lib/jvm/java-7-openjdk-amd64/jre/lib/amd64/libjdwp.so
7f17ff798000-7f17ff997000 ---p 0003a000 08:07 149439                     /usr/lib/jvm/java-7-openjdk-amd64/jre/lib/amd64/libjdwp.so
7f17ff997000-7f17ff998000 r--p 00039000 08:07 149439                     /usr/lib/jvm/java-7-openjdk-amd64/jre/lib/amd64/libjdwp.so
7f17ff998000-7f17ff999000 rw-p 0003a000 08:07 149439                     /usr/lib/jvm/java-7-openjdk-amd64/jre/lib/amd64/libjdwp.so
7f17ff999000-7f17ff9c4000 r-xp 00000000 08:07 149442                     /usr/lib/jvm/java-7-openjdk-amd64/jre/lib/amd64/libjava.so
7f17ff9c4000-7f17ffbc4000 ---p 0002b000 08:07 149442                     /usr/lib/jvm/java-7-openjdk-amd64/jre/lib/amd64/libjava.so
7f17ffbc4000-7f17ffbc5000 r--p 0002b000 08:07 149442                     /usr/lib/jvm/java-7-openjdk-amd64/jre/lib/amd64/libjava.so
7f17ffbc5000-7f17ffbc7000 rw-p 0002c000 08:07 149442                     /usr/lib/jvm/java-7-openjdk-amd64/jre/lib/amd64/libjava.so
7f17ffbc7000-7f17ffbd7000 r-xp 00000000 08:07 149426                     /usr/lib/jvm/java-7-openjdk-amd64/jre/lib/amd64/libverify.so
7f17ffbd7000-7f17ffdd6000 ---p 00010000 08:07 149426                     /usr/lib/jvm/java-7-openjdk-amd64/jre/lib/amd64/libverify.so
7f17ffdd6000-7f17ffdd8000 r--p 0000f000 08:07 149426                     /usr/lib/jvm/java-7-openjdk-amd64/jre/lib/amd64/libverify.so
7f17ffdd8000-7f17ffdd9000 rw-p 00011000 08:07 149426                     /usr/lib/jvm/java-7-openjdk-amd64/jre/lib/amd64/libverify.so
7f17ffdd9000-7f17ffde0000 r-xp 00000000 08:07 1445781                    /lib/x86_64-linux-gnu/librt-2.19.so
7f17ffde0000-7f17fffdf000 ---p 00007000 08:07 1445781                    /lib/x86_64-linux-gnu/librt-2.19.so
7f17fffdf000-7f17fffe0000 r--p 00006000 08:07 1445781                    /lib/x86_64-linux-gnu/librt-2.19.so
7f17fffe0000-7f17fffe1000 rw-p 00007000 08:07 1445781                    /lib/x86_64-linux-gnu/librt-2.19.so
7f17fffe1000-7f17ffff7000 r-xp 00000000 08:07 1444596                    /lib/x86_64-linux-gnu/libgcc_s.so.1
7f17ffff7000-7f18001f6000 ---p 00016000 08:07 1444596                    /lib/x86_64-linux-gnu/libgcc_s.so.1
7f18001f6000-7f18001f7000 rw-p 00015000 08:07 1444596                    /lib/x86_64-linux-gnu/libgcc_s.so.1
7f18001f7000-7f18002fc000 r-xp 00000000 08:07 1444600                    /lib/x86_64-linux-gnu/libm-2.19.so
7f18002fc000-7f18004fb000 ---p 00105000 08:07 1444600                    /lib/x86_64-linux-gnu/libm-2.19.so
7f18004fb000-7f18004fc000 r--p 00104000 08:07 1444600                    /lib/x86_64-linux-gnu/libm-2.19.so
7f18004fc000-7f18004fd000 rw-p 00105000 08:07 1444600                    /lib/x86_64-linux-gnu/libm-2.19.so
7f18004fd000-7f18005e3000 r-xp 00000000 08:07 137593                     /usr/lib/x86_64-linux-gnu/libstdc++.so.6.0.19
7f18005e3000-7f18007e2000 ---p 000e6000 08:07 137593                     /usr/lib/x86_64-linux-gnu/libstdc++.so.6.0.19
7f18007e2000-7f18007ea000 r--p 000e5000 08:07 137593                     /usr/lib/x86_64-linux-gnu/libstdc++.so.6.0.19
7f18007ea000-7f18007ec000 rw-p 000ed000 08:07 137593                     /usr/lib/x86_64-linux-gnu/libstdc++.so.6.0.19
7f18007ec000-7f1800801000 rw-p 00000000 00:00 0 
7f1800801000-7f1801326000 r-xp 00000000 08:07 149422                     /usr/lib/jvm/java-7-openjdk-amd64/jre/lib/amd64/server/libjvm.so
7f1801326000-7f1801526000 ---p 00b25000 08:07 149422                     /usr/lib/jvm/java-7-openjdk-amd64/jre/lib/amd64/server/libjvm.so
7f1801526000-7f18015c0000 r--p 00b25000 08:07 149422                     /usr/lib/jvm/java-7-openjdk-amd64/jre/lib/amd64/server/libjvm.so
7f18015c0000-7f18015e3000 rw-p 00bbf000 08:07 149422                     /usr/lib/jvm/java-7-openjdk-amd64/jre/lib/amd64/server/libjvm.so
7f18015e3000-7f1801611000 rw-p 00000000 00:00 0 
7f1801611000-7f1801629000 r-xp 00000000 08:07 1443531                    /lib/x86_64-linux-gnu/libz.so.1.2.8
7f1801629000-7f1801828000 ---p 00018000 08:07 1443531                    /lib/x86_64-linux-gnu/libz.so.1.2.8
7f1801828000-7f1801829000 r--p 00017000 08:07 1443531                    /lib/x86_64-linux-gnu/libz.so.1.2.8
7f1801829000-7f180182a000 rw-p 00018000 08:07 1443531                    /lib/x86_64-linux-gnu/libz.so.1.2.8
7f180182a000-7f1801843000 r-xp 00000000 08:07 1445779                    /lib/x86_64-linux-gnu/libpthread-2.19.so
7f1801843000-7f1801a42000 ---p 00019000 08:07 1445779                    /lib/x86_64-linux-gnu/libpthread-2.19.so
7f1801a42000-7f1801a43000 r--p 00018000 08:07 1445779                    /lib/x86_64-linux-gnu/libpthread-2.19.so
7f1801a43000-7f1801a44000 rw-p 00019000 08:07 1445779                    /lib/x86_64-linux-gnu/libpthread-2.19.so
7f1801a44000-7f1801a48000 rw-p 00000000 00:00 0 
7f1801a48000-7f1801a4b000 r-xp 00000000 08:07 1444604                    /lib/x86_64-linux-gnu/libdl-2.19.so
7f1801a4b000-7f1801c4a000 ---p 00003000 08:07 1444604                    /lib/x86_64-linux-gnu/libdl-2.19.so
7f1801c4a000-7f1801c4b000 r--p 00002000 08:07 1444604                    /lib/x86_64-linux-gnu/libdl-2.19.so
7f1801c4b000-7f1801c4c000 rw-p 00003000 08:07 1444604                    /lib/x86_64-linux-gnu/libdl-2.19.so
7f1801c4c000-7f1801e07000 r-xp 00000000 08:07 1445778                    /lib/x86_64-linux-gnu/libc-2.19.so
7f1801e07000-7f1802006000 ---p 001bb000 08:07 1445778                    /lib/x86_64-linux-gnu/libc-2.19.so
7f1802006000-7f180200a000 r--p 001ba000 08:07 1445778                    /lib/x86_64-linux-gnu/libc-2.19.so
7f180200a000-7f180200c000 rw-p 001be000 08:07 1445778                    /lib/x86_64-linux-gnu/libc-2.19.so
7f180200c000-7f1802011000 rw-p 00000000 00:00 0 
7f1802011000-7f180201e000 r-xp 00000000 08:07 149416                     /usr/lib/jvm/java-7-openjdk-amd64/jre/lib/amd64/jli/libjli.so
7f180201e000-7f180221d000 ---p 0000d000 08:07 149416                     /usr/lib/jvm/java-7-openjdk-amd64/jre/lib/amd64/jli/libjli.so
7f180221d000-7f180221e000 r--p 0000c000 08:07 149416                     /usr/lib/jvm/java-7-openjdk-amd64/jre/lib/amd64/jli/libjli.so
7f180221e000-7f180221f000 rw-p 0000d000 08:07 149416                     /usr/lib/jvm/java-7-openjdk-amd64/jre/lib/amd64/jli/libjli.so
7f180221f000-7f1802242000 r-xp 00000000 08:07 1445775                    /lib/x86_64-linux-gnu/ld-2.19.so
7f1802242000-7f1802246000 r--s 0003c000 08:07 150715                     /usr/lib/jvm/java-7-openjdk-amd64/jre/lib/ext/sunpkcs11.jar
7f1802246000-7f180224a000 r--s 00085000 08:07 150710                     /usr/lib/jvm/java-7-openjdk-amd64/jre/lib/ext/localedata.jar
7f180224a000-7f180226b000 rw-p 00000000 00:00 0 
7f180226b000-7f1802321000 rw-p 00000000 00:00 0 
7f1802321000-7f1802322000 ---p 00000000 00:00 0 
7f1802322000-7f1802428000 rw-p 00000000 00:00 0                          [stack:6679]
7f1802428000-7f1802429000 rw-p 00000000 00:00 0 
7f1802429000-7f180242a000 r--s 00002000 08:07 150716                     /usr/lib/jvm/java-7-openjdk-amd64/jre/lib/ext/dnsns.jar
7f180242a000-7f180242e000 r--s 00034000 08:07 150712                     /usr/lib/jvm/java-7-openjdk-amd64/jre/lib/ext/sunjce_provider.jar
7f180242e000-7f1802431000 r--s 0000f000 08:07 150717                     /usr/lib/jvm/java-7-openjdk-amd64/jre/lib/ext/icedtea-sound.jar
7f1802431000-7f1802433000 r--s 00012000 08:07 150714                     /usr/lib/jvm/java-7-openjdk-amd64/jre/lib/ext/zipfs.jar
7f1802433000-7f1802435000 r--s 00006000 08:07 529796                     /usr/share/java/java-atk-wrapper.jar
7f1802435000-7f180243d000 rw-s 00000000 08:07 916687                     /tmp/hsperfdata_prutha/6673
7f180243d000-7f180243e000 rw-p 00000000 00:00 0 
7f180243e000-7f180243f000 ---p 00000000 00:00 0 
7f180243f000-7f1802441000 rw-p 00000000 00:00 0 
7f1802441000-7f1802442000 r--p 00022000 08:07 1445775                    /lib/x86_64-linux-gnu/ld-2.19.so
7f1802442000-7f1802443000 rw-p 00023000 08:07 1445775                    /lib/x86_64-linux-gnu/ld-2.19.so
7f1802443000-7f1802444000 rw-p 00000000 00:00 0 
7ffc8cad7000-7ffc8caf8000 rw-p 00000000 00:00 0                          [stack]
7ffc8cb09000-7ffc8cb0b000 r-xp 00000000 00:00 0                          [vdso]
ffffffffff600000-ffffffffff601000 r-xp 00000000 00:00 0                  [vsyscall]

VM Arguments:
jvm_args: -agentlib:jdwp=transport=dt_socket,suspend=y,address=localhost:49794 -Dfile.encoding=UTF-8 
java_command: binary.search.recursive.BinarySearchRecursive
Launcher Type: SUN_STANDARD

Environment Variables:
PATH=/usr/local/sbin:/usr/local/bin:/usr/sbin:/usr/bin:/sbin:/bin:/usr/games:/usr/local/games
SHELL=/bin/bash
DISPLAY=:0

Signal Handlers:
SIGSEGV: [libjvm.so+0x955bc0], sa_mask[0]=0x7ffbfeff, sa_flags=0x10000004
SIGBUS: [libjvm.so+0x955bc0], sa_mask[0]=0x7ffbfeff, sa_flags=0x10000004
SIGFPE: [libjvm.so+0x7caff0], sa_mask[0]=0x7ffbfeff, sa_flags=0x10000004
SIGPIPE: [libjvm.so+0x7caff0], sa_mask[0]=0x7ffbfeff, sa_flags=0x10000004
SIGXFSZ: [libjvm.so+0x7caff0], sa_mask[0]=0x7ffbfeff, sa_flags=0x10000004
SIGILL: [libjvm.so+0x7caff0], sa_mask[0]=0x7ffbfeff, sa_flags=0x10000004
SIGUSR1: SIG_DFL, sa_mask[0]=0x00000000, sa_flags=0x00000000
SIGUSR2: [libjvm.so+0x7cae90], sa_mask[0]=0x00000004, sa_flags=0x10000004
SIGHUP: [libjvm.so+0x7cb070], sa_mask[0]=0x7ffbfeff, sa_flags=0x10000004
SIGINT: [libjvm.so+0x7cb070], sa_mask[0]=0x7ffbfeff, sa_flags=0x10000004
SIGTERM: [libjvm.so+0x7cb070], sa_mask[0]=0x7ffbfeff, sa_flags=0x10000004
SIGQUIT: [libjvm.so+0x7cb070], sa_mask[0]=0x7ffbfeff, sa_flags=0x10000004
SIGTRAP: SIG_DFL, sa_mask[0]=0x00000000, sa_flags=0x00000000


---------------  S Y S T E M  ---------------

OS:Ubuntu 14.04 (trusty)
uname:Linux 3.13.0-77-generic #121-Ubuntu SMP Wed Jan 20 10:50:42 UTC 2016 x86_64
libc:glibc 2.19 NPTL 2.19 
rlimit: STACK 8192k, CORE 0k, NPROC 30605, NOFILE 4096, AS infinity
load average:0.42 0.30 0.26

/proc/meminfo:
MemTotal:        3939088 kB
MemFree:         1681528 kB
Buffers:           92816 kB
Cached:           950200 kB
SwapCached:            0 kB
Active:          1350660 kB
Inactive:         728816 kB
Active(anon):    1038472 kB
Inactive(anon):   240216 kB
Active(file):     312188 kB
Inactive(file):   488600 kB
Unevictable:          32 kB
Mlocked:              32 kB
SwapTotal:       4083708 kB
SwapFree:        4083708 kB
Dirty:                52 kB
Writeback:             0 kB
AnonPages:       1036492 kB
Mapped:           181684 kB
Shmem:            242232 kB
Slab:              79444 kB
SReclaimable:      50124 kB
SUnreclaim:        29320 kB
KernelStack:        3704 kB
PageTables:        25984 kB
NFS_Unstable:          0 kB
Bounce:                0 kB
WritebackTmp:          0 kB
CommitLimit:     6053252 kB
Committed_AS:    4023364 kB
VmallocTotal:   34359738367 kB
VmallocUsed:      360752 kB
VmallocChunk:   34359351932 kB
HardwareCorrupted:     0 kB
AnonHugePages:    528384 kB
HugePages_Total:       0
HugePages_Free:        0
HugePages_Rsvd:        0
HugePages_Surp:        0
Hugepagesize:       2048 kB
DirectMap4k:       62012 kB
DirectMap2M:     4024320 kB


CPU:total 4 (2 cores per cpu, 2 threads per core) family 6 model 42 stepping 7, cmov, cx8, fxsr, mmx, sse, sse2, sse3, ssse3, sse4.1, sse4.2, popcnt, avx, aes, ht, tsc, tscinvbit

/proc/cpuinfo:
processor	: 0
vendor_id	: GenuineIntel
cpu family	: 6
model		: 42
model name	: Intel(R) Core(TM) i5-2450M CPU @ 2.50GHz
stepping	: 7
microcode	: 0x23
cpu MHz		: 800.000
cache size	: 3072 KB
physical id	: 0
siblings	: 4
core id		: 0
cpu cores	: 2
apicid		: 0
initial apicid	: 0
fpu		: yes
fpu_exception	: yes
cpuid level	: 13
wp		: yes
flags		: fpu vme de pse tsc msr pae mce cx8 apic sep mtrr pge mca cmov pat pse36 clflush dts acpi mmx fxsr sse sse2 ss ht tm pbe syscall nx rdtscp lm constant_tsc arch_perfmon pebs bts nopl xtopology nonstop_tsc aperfmperf eagerfpu pni pclmulqdq dtes64 monitor ds_cpl vmx est tm2 ssse3 cx16 xtpr pdcm pcid sse4_1 sse4_2 x2apic popcnt tsc_deadline_timer aes xsave avx lahf_lm ida arat epb xsaveopt pln pts dtherm tpr_shadow vnmi flexpriority ept vpid
bogomips	: 4983.42
clflush size	: 64
cache_alignment	: 64
address sizes	: 36 bits physical, 48 bits virtual
power management:

processor	: 1
vendor_id	: GenuineIntel
cpu family	: 6
model		: 42
model name	: Intel(R) Core(TM) i5-2450M CPU @ 2.50GHz
stepping	: 7
microcode	: 0x23
cpu MHz		: 800.000
cache size	: 3072 KB
physical id	: 0
siblings	: 4
core id		: 0
cpu cores	: 2
apicid		: 1
initial apicid	: 1
fpu		: yes
fpu_exception	: yes
cpuid level	: 13
wp		: yes
flags		: fpu vme de pse tsc msr pae mce cx8 apic sep mtrr pge mca cmov pat pse36 clflush dts acpi mmx fxsr sse sse2 ss ht tm pbe syscall nx rdtscp lm constant_tsc arch_perfmon pebs bts nopl xtopology nonstop_tsc aperfmperf eagerfpu pni pclmulqdq dtes64 monitor ds_cpl vmx est tm2 ssse3 cx16 xtpr pdcm pcid sse4_1 sse4_2 x2apic popcnt tsc_deadline_timer aes xsave avx lahf_lm ida arat epb xsaveopt pln pts dtherm tpr_shadow vnmi flexpriority ept vpid
bogomips	: 4983.42
clflush size	: 64
cache_alignment	: 64
address sizes	: 36 bits physical, 48 bits virtual
power management:

processor	: 2
vendor_id	: GenuineIntel
cpu family	: 6
model		: 42
model name	: Intel(R) Core(TM) i5-2450M CPU @ 2.50GHz
stepping	: 7
microcode	: 0x23
cpu MHz		: 2501.000
cache size	: 3072 KB
physical id	: 0
siblings	: 4
core id		: 1
cpu cores	: 2
apicid		: 2
initial apicid	: 2
fpu		: yes
fpu_exception	: yes
cpuid level	: 13
wp		: yes
flags		: fpu vme de pse tsc msr pae mce cx8 apic sep mtrr pge mca cmov pat pse36 clflush dts acpi mmx fxsr sse sse2 ss ht tm pbe syscall nx rdtscp lm constant_tsc arch_perfmon pebs bts nopl xtopology nonstop_tsc aperfmperf eagerfpu pni pclmulqdq dtes64 monitor ds_cpl vmx est tm2 ssse3 cx16 xtpr pdcm pcid sse4_1 sse4_2 x2apic popcnt tsc_deadline_timer aes xsave avx lahf_lm ida arat epb xsaveopt pln pts dtherm tpr_shadow vnmi flexpriority ept vpid
bogomips	: 4983.42
clflush size	: 64
cache_alignment	: 64
address sizes	: 36 bits physical, 48 bits virtual
power management:

processor	: 3
vendor_id	: GenuineIntel
cpu family	: 6
model		: 42
model name	: Intel(R) Core(TM) i5-2450M CPU @ 2.50GHz
stepping	: 7
microcode	: 0x23
cpu MHz		: 800.000
cache size	: 3072 KB
physical id	: 0
siblings	: 4
core id		: 1
cpu cores	: 2
apicid		: 3
initial apicid	: 3
fpu		: yes
fpu_exception	: yes
cpuid level	: 13
wp		: yes
flags		: fpu vme de pse tsc msr pae mce cx8 apic sep mtrr pge mca cmov pat pse36 clflush dts acpi mmx fxsr sse sse2 ss ht tm pbe syscall nx rdtscp lm constant_tsc arch_perfmon pebs bts nopl xtopology nonstop_tsc aperfmperf eagerfpu pni pclmulqdq dtes64 monitor ds_cpl vmx est tm2 ssse3 cx16 xtpr pdcm pcid sse4_1 sse4_2 x2apic popcnt tsc_deadline_timer aes xsave avx lahf_lm ida arat epb xsaveopt pln pts dtherm tpr_shadow vnmi flexpriority ept vpid
bogomips	: 4983.42
clflush size	: 64
cache_alignment	: 64
address sizes	: 36 bits physical, 48 bits virtual
power management:



Memory: 4k page, physical 3939088k(1681528k free), swap 4083708k(4083708k free)

vm_info: OpenJDK 64-Bit Server VM (24.95-b01) for linux-amd64 JRE (1.7.0_95-b00), built on Jan 21 2016 03:31:40 by "buildd" with gcc 4.8.4

time: Sat Feb 13 16:11:49 2016
elapsed time: 23 seconds

