#
# A fatal error has been detected by the Java Runtime Environment:
#
#  SIGSEGV (0xb) at pc=0x00007f4bb3c97225, pid=3333, tid=139962813773568
#
# JRE version: OpenJDK Runtime Environment (7.0_95) (build 1.7.0_95-b00)
# Java VM: OpenJDK 64-Bit Server VM (24.95-b01 mixed mode linux-amd64 compressed oops)
# Derivative: IcedTea 2.6.4
# Distribution: Ubuntu 14.04.3 LTS, package 7u95-2.6.4-0ubuntu0.14.04.1
# Problematic frame:
# V  [libjvm.so+0x519225]
#
# Failed to write core dump. Core dumps have been disabled. To enable core dumping, try "ulimit -c unlimited" before starting Java again
#
# If you would like to submit a bug report, please include
# instructions on how to reproduce the bug and visit:
#   http://icedtea.classpath.org/bugzilla
#

---------------  T H R E A D  ---------------

Current thread (0x00007f4bac0b5800):  JavaThread "JDWP Transport Listener: dt_socket" daemon [_thread_in_vm, id=3350, stack(0x00007f4ba1bbf000,0x00007f4ba1cc0000)]

siginfo:si_signo=SIGSEGV: si_errno=0, si_code=1 (SEGV_MAPERR), si_addr=0x0000000000000001

Registers:
RAX=0x0000000000000001, RBX=0x00007f4ba1cbd670, RCX=0x00007f4bac029f20, RDX=0x00007f4ba1cbd6d0
RSP=0x00007f4ba1cbd5c0, RBP=0x00007f4ba1cbd5f0, RSI=0x00007f4ba9005360, RDI=0x0000000000000000
R8 =0x00007f4bb52d1db8, R9 =0x0000000000000018, R10=0x0000000000000800, R11=0x0000000000000000
R12=0x00007f4b8098f638, R13=0x00007f4ba1cbd600, R14=0x00007f4bb4573df8, R15=0x00007f4ba1cbd6d0
RIP=0x00007f4bb3c97225, EFLAGS=0x0000000000010246, CSGSFS=0x0000000000000033, ERR=0x0000000000000004
  TRAPNO=0x000000000000000e

Top of Stack: (sp=0x00007f4ba1cbd5c0)
0x00007f4ba1cbd5c0:   00007f4ba1cbd5e0 00007f4ba1cbd670
0x00007f4ba1cbd5d0:   00007f4ba1cbd6d0 00007f4ba1cbd600
0x00007f4ba1cbd5e0:   00007f4bb4573df8 000000000000001f
0x00007f4ba1cbd5f0:   00007f4ba1cbd650 00007f4bb3c9418c
0x00007f4ba1cbd600:   0000000000000000 00007f4bac009aa0
0x00007f4ba1cbd610:   0000000000000000 00007f4bb408acb6
0x00007f4ba1cbd620:   00007f4ba1cbd640 00007f4bb3fd8519
0x00007f4ba1cbd630:   00007f4ba1cbd6d0 00007f4b8098f630
0x00007f4ba1cbd640:   00007f4ba1cbd6d0 00007f4ba1cbd670
0x00007f4ba1cbd650:   00007f4ba1cbe280 00007f4bb40c8077
0x00007f4ba1cbd660:   00007f4ba1cbd760 00007f4ba1cbd690
0x00007f4ba1cbd670:   00000000b9ac5228 00000000b9801480
0x00007f4ba1cbd680:   0000000000000000 00007f4b00000000
0x00007f4ba1cbd690:   0000000000000001 00000000b9ac5228
0x00007f4ba1cbd6a0:   0000000000000000 0000000000000000
0x00007f4ba1cbd6b0:   0000000000000000 00007f4bb3fd8519
0x00007f4ba1cbd6c0:   00007f4ba1cbd760 00007f4b80d20ec0
0x00007f4ba1cbd6d0:   0000000000000000 0000000000000000
0x00007f4ba1cbd6e0:   0000000000000000 0000000000000000
0x00007f4ba1cbd6f0:   0000000000000000 0000000000000000
0x00007f4ba1cbd700:   0000000000000000 0000000000000000
0x00007f4ba1cbd710:   0000000000000000 0000000000000000
0x00007f4ba1cbd720:   00007f4bb52d1db8 00007f4bb52d1db8
0x00007f4ba1cbd730:   0000000000000000 0000000000000000
0x00007f4ba1cbd740:   0000000000000000 0000000000000000
0x00007f4ba1cbd750:   0000000000000000 0000000000000000
0x00007f4ba1cbd760:   0000000000000000 0000000000000000
0x00007f4ba1cbd770:   0000000000000000 0000000000000000
0x00007f4ba1cbd780:   0000000000000000 0000000000000000
0x00007f4ba1cbd790:   0000000000000000 0000000000000000
0x00007f4ba1cbd7a0:   0000000000000000 0000000000000000
0x00007f4ba1cbd7b0:   0000000000000000 0000000000000000 

Instructions: (pc=0x00007f4bb3c97225)
0x00007f4bb3c97205:   e9 93 fe ff ff 66 0f 1f 44 00 00 c7 43 18 00 00
0x00007f4bb3c97215:   00 00 e9 09 ff ff ff 0f 1f 40 00 49 8b 44 24 20
0x00007f4bb3c97225:   48 8b 10 48 8b 78 08 48 83 c0 10 48 89 03 48 89
0x00007f4bb3c97235:   43 28 48 89 53 20 e9 25 fe ff ff 48 8d 0d 79 12 

Register to memory mapping:

RAX=0x0000000000000001 is an unknown value
RBX=0x00007f4ba1cbd670 is pointing into the stack for thread: 0x00007f4bac0b5800
RCX=0x00007f4bac029f20 is an unknown value
RDX=0x00007f4ba1cbd6d0 is pointing into the stack for thread: 0x00007f4bac0b5800
RSP=0x00007f4ba1cbd5c0 is pointing into the stack for thread: 0x00007f4bac0b5800
RBP=0x00007f4ba1cbd5f0 is pointing into the stack for thread: 0x00007f4bac0b5800
RSI=0x00007f4ba9005360 is pointing into interpreter code (not bytecode specific)
RDI=0x0000000000000000 is an unknown value
R8 =0x00007f4bb52d1db8 is pointing into the stack for thread: 0x00007f4bac00c800
R9 =0x0000000000000018 is an unknown value
R10=0x0000000000000800 is an unknown value
R11=0x0000000000000000 is an unknown value
R12=0x00007f4b8098f638 is an unknown value
R13=0x00007f4ba1cbd600 is pointing into the stack for thread: 0x00007f4bac0b5800
R14=0x00007f4bb4573df8: <offset 0xdf5df8> in /usr/lib/jvm/java-7-openjdk-amd64/jre/lib/amd64/server/libjvm.so at 0x00007f4bb377e000
R15=0x00007f4ba1cbd6d0 is pointing into the stack for thread: 0x00007f4bac0b5800


Stack: [0x00007f4ba1bbf000,0x00007f4ba1cc0000],  sp=0x00007f4ba1cbd5c0,  free space=1017k
Native frames: (J=compiled Java code, j=interpreted, Vv=VM code, C=native code)
V  [libjvm.so+0x519225]
V  [libjvm.so+0x51618c]
V  [libjvm.so+0x94a077]
V  [libjvm.so+0x94a348]
V  [libjvm.so+0x69e628]
V  [libjvm.so+0x69f4f7]
V  [libjvm.so+0x695a24]
V  [libjvm.so+0x64d7e2]
C  [libjdwp.so+0xa58a]
C  [libjdwp.so+0x11698]
C  [libjdwp.so+0x23795]
V  [libjvm.so+0x6b14eb]
V  [libjvm.so+0x907e50]
V  [libjvm.so+0x9080c1]
V  [libjvm.so+0x7cc682]


---------------  P R O C E S S  ---------------

Java Threads: ( => current thread )
  0x00007f4b7c001000 JavaThread "SIGTERM handler" daemon [_thread_blocked, id=3395, stack(0x00007f4ba19bd000,0x00007f4ba1abe000)]
  0x00007f4bac0c0800 JavaThread "Service Thread" daemon [_thread_blocked, id=3359, stack(0x00007f4ba16ba000,0x00007f4ba17bb000)]
  0x00007f4bac0be000 JavaThread "C2 CompilerThread1" daemon [_thread_blocked, id=3358, stack(0x00007f4ba17bb000,0x00007f4ba18bc000)]
  0x00007f4bac0bb000 JavaThread "C2 CompilerThread0" daemon [_thread_blocked, id=3357, stack(0x00007f4ba18bc000,0x00007f4ba19bd000)]
  0x00007f4bac0b9000 JavaThread "JDWP Event Helper Thread" daemon [_thread_blocked, id=3351, stack(0x00007f4ba1abe000,0x00007f4ba1bbf000)]
=>0x00007f4bac0b5800 JavaThread "JDWP Transport Listener: dt_socket" daemon [_thread_in_vm, id=3350, stack(0x00007f4ba1bbf000,0x00007f4ba1cc0000)]
  0x00007f4bac07e000 JavaThread "Finalizer" daemon [_thread_blocked, id=3347, stack(0x00007f4ba83f4000,0x00007f4ba84f5000)]
  0x00007f4bac07c000 JavaThread "Reference Handler" daemon [_thread_blocked, id=3346, stack(0x00007f4ba84f5000,0x00007f4ba85f6000)]
  0x00007f4bac00c800 JavaThread "main" [_thread_blocked, id=3335, stack(0x00007f4bb529e000,0x00007f4bb539f000)]

Other Threads:
  0x00007f4bac078000 VMThread [stack: 0x00007f4ba85f6000,0x00007f4ba86f7000] [id=3344]

VM state:synchronizing (normal execution)

VM Mutex/Monitor currently owned by a thread:  ([mutex/lock_event])
[0x00007f4bac008a20] Threads_lock - owner thread: 0x00007f4bac078000

Heap
 PSYoungGen      total 17920K, used 1843K [0x00000000ebf00000, 0x00000000ed300000, 0x0000000100000000)
  eden space 15360K, 12% used [0x00000000ebf00000,0x00000000ec0ccf98,0x00000000ece00000)
  from space 2560K, 0% used [0x00000000ed080000,0x00000000ed080000,0x00000000ed300000)
  to   space 2560K, 0% used [0x00000000ece00000,0x00000000ece00000,0x00000000ed080000)
 ParOldGen       total 40960K, used 0K [0x00000000c3e00000, 0x00000000c6600000, 0x00000000ebf00000)
  object space 40960K, 0% used [0x00000000c3e00000,0x00000000c3e00000,0x00000000c6600000)
 PSPermGen       total 21504K, used 2849K [0x00000000b9800000, 0x00000000bad00000, 0x00000000c3e00000)
  object space 21504K, 13% used [0x00000000b9800000,0x00000000b9ac84f0,0x00000000bad00000)

Card table byte_map: [0x00007f4bb117b000,0x00007f4bb13b0000] byte_map_base: 0x00007f4bb0baf000

Polling page: 0x00007f4bb53bb000

Code Cache  [0x00007f4ba9000000, 0x00007f4ba9270000, 0x00007f4bac000000)
 total_blobs=159 nmethods=0 adapters=136 free_code_cache=48776Kb largest_free_block=49946752

Compilation events (0 events):
No events

GC Heap History (0 events):
No events

Deoptimization events (0 events):
No events

Internal exceptions (6 events):
Event: 0.066 Thread 0x00007f4bac00c800 Threw 0x00000000ebf0f088 at /build/openjdk-7-2FOwCu/openjdk-7-7u95-2.6.4/build/openjdk/hotspot/src/share/vm/prims/jni.cpp:4027
Event: 0.414 Thread 0x00007f4bac00c800 Threw 0x00000000ebf44e68 at /build/openjdk-7-2FOwCu/openjdk-7-7u95-2.6.4/build/openjdk/hotspot/src/share/vm/prims/jni.cpp:721
Event: 0.414 Thread 0x00007f4bac00c800 Threw 0x00000000ebf44fe8 at /build/openjdk-7-2FOwCu/openjdk-7-7u95-2.6.4/build/openjdk/hotspot/src/share/vm/prims/jvm.cpp:1322
Event: 0.414 Thread 0x00007f4bac00c800 Threw 0x00000000ebf45110 at /build/openjdk-7-2FOwCu/openjdk-7-7u95-2.6.4/build/openjdk/hotspot/src/share/vm/prims/jvm.cpp:1322
Event: 0.416 Thread 0x00007f4bac00c800 Threw 0x00000000ebf4b768 at /build/openjdk-7-2FOwCu/openjdk-7-7u95-2.6.4/build/openjdk/hotspot/src/share/vm/prims/jvm.cpp:1322
Event: 0.422 Thread 0x00007f4bac00c800 Threw 0x00000000ebfeb610 at /build/openjdk-7-2FOwCu/openjdk-7-7u95-2.6.4/build/openjdk/hotspot/src/share/vm/interpreter/interpreterRuntime.cpp:333

Events (10 events):
Event: 53.142 Thread 0x00007f4b80001000 Thread exited: 0x00007f4b80001000
Event: 78.631 loading class 0x00007f4bb097ee90
Event: 78.645 loading class 0x00007f4bb097ee90 done
Event: 78.646 Thread 0x00007f4b7c001000 Thread added: 0x00007f4b7c001000
Event: 78.646 loading class 0x00007f4bb092c460
Event: 78.646 loading class 0x00007f4bb092c460 done
Event: 78.646 loading class 0x00007f4bac0c7c10
Event: 78.646 loading class 0x00007f4bac0c7c10 done
Event: 78.647 Thread 0x00007f4bac0a8800 Thread exited: 0x00007f4bac0a8800
Event: 78.648 Executing VM operation: Exit


Dynamic libraries:
00400000-00401000 r-xp 00000000 08:07 149357                             /usr/lib/jvm/java-7-openjdk-amd64/jre/bin/java
00600000-00601000 r--p 00000000 08:07 149357                             /usr/lib/jvm/java-7-openjdk-amd64/jre/bin/java
00601000-00602000 rw-p 00001000 08:07 149357                             /usr/lib/jvm/java-7-openjdk-amd64/jre/bin/java
011f4000-01215000 rw-p 00000000 00:00 0                                  [heap]
b9800000-bad00000 rw-p 00000000 00:00 0 
bad00000-c3e00000 rw-p 00000000 00:00 0 
c3e00000-c6600000 rw-p 00000000 00:00 0 
c6600000-ebf00000 rw-p 00000000 00:00 0 
ebf00000-ed300000 rw-p 00000000 00:00 0 
ed300000-100000000 rw-p 00000000 00:00 0 
7f4b5c000000-7f4b5c021000 rw-p 00000000 00:00 0 
7f4b5c021000-7f4b60000000 ---p 00000000 00:00 0 
7f4b64000000-7f4b64021000 rw-p 00000000 00:00 0 
7f4b64021000-7f4b68000000 ---p 00000000 00:00 0 
7f4b6c000000-7f4b6c021000 rw-p 00000000 00:00 0 
7f4b6c021000-7f4b70000000 ---p 00000000 00:00 0 
7f4b70000000-7f4b70021000 rw-p 00000000 00:00 0 
7f4b70021000-7f4b74000000 ---p 00000000 00:00 0 
7f4b74000000-7f4b74021000 rw-p 00000000 00:00 0 
7f4b74021000-7f4b78000000 ---p 00000000 00:00 0 
7f4b78000000-7f4b78021000 rw-p 00000000 00:00 0 
7f4b78021000-7f4b7c000000 ---p 00000000 00:00 0 
7f4b7c000000-7f4b7c021000 rw-p 00000000 00:00 0 
7f4b7c021000-7f4b80000000 ---p 00000000 00:00 0 
7f4b80000000-7f4b80d6e000 rw-p 00000000 00:00 0 
7f4b80d6e000-7f4b84000000 ---p 00000000 00:00 0 
7f4b84000000-7f4b84021000 rw-p 00000000 00:00 0 
7f4b84021000-7f4b88000000 ---p 00000000 00:00 0 
7f4b88000000-7f4b88021000 rw-p 00000000 00:00 0 
7f4b88021000-7f4b8c000000 ---p 00000000 00:00 0 
7f4b8c000000-7f4b8c021000 rw-p 00000000 00:00 0 
7f4b8c021000-7f4b90000000 ---p 00000000 00:00 0 
7f4b90000000-7f4b90021000 rw-p 00000000 00:00 0 
7f4b90021000-7f4b94000000 ---p 00000000 00:00 0 
7f4b94000000-7f4b94021000 rw-p 00000000 00:00 0 
7f4b94021000-7f4b98000000 ---p 00000000 00:00 0 
7f4b9c000000-7f4b9c021000 rw-p 00000000 00:00 0 
7f4b9c021000-7f4ba0000000 ---p 00000000 00:00 0 
7f4ba15b9000-7f4ba15ba000 ---p 00000000 00:00 0 
7f4ba15ba000-7f4ba16ba000 rw-p 00000000 00:00 0 
7f4ba16ba000-7f4ba16bd000 ---p 00000000 00:00 0 
7f4ba16bd000-7f4ba17bb000 rw-p 00000000 00:00 0                          [stack:3359]
7f4ba17bb000-7f4ba17be000 ---p 00000000 00:00 0 
7f4ba17be000-7f4ba18bc000 rw-p 00000000 00:00 0                          [stack:3358]
7f4ba18bc000-7f4ba18bf000 ---p 00000000 00:00 0 
7f4ba18bf000-7f4ba19bd000 rw-p 00000000 00:00 0                          [stack:3357]
7f4ba19bd000-7f4ba19c0000 ---p 00000000 00:00 0 
7f4ba19c0000-7f4ba1abe000 rw-p 00000000 00:00 0                          [stack:3395]
7f4ba1abe000-7f4ba1ac1000 ---p 00000000 00:00 0 
7f4ba1ac1000-7f4ba1bbf000 rw-p 00000000 00:00 0                          [stack:3351]
7f4ba1bbf000-7f4ba1bc2000 ---p 00000000 00:00 0 
7f4ba1bc2000-7f4ba4000000 rw-p 00000000 00:00 0                          [stack:3350]
7f4ba4000000-7f4ba4021000 rw-p 00000000 00:00 0 
7f4ba4021000-7f4ba8000000 ---p 00000000 00:00 0 
7f4ba80ee000-7f4ba80f2000 r-xp 00000000 08:07 149424                     /usr/lib/jvm/java-7-openjdk-amd64/jre/lib/amd64/libdt_socket.so
7f4ba80f2000-7f4ba82f1000 ---p 00004000 08:07 149424                     /usr/lib/jvm/java-7-openjdk-amd64/jre/lib/amd64/libdt_socket.so
7f4ba82f1000-7f4ba82f2000 r--p 00003000 08:07 149424                     /usr/lib/jvm/java-7-openjdk-amd64/jre/lib/amd64/libdt_socket.so
7f4ba82f2000-7f4ba82f3000 rw-p 00004000 08:07 149424                     /usr/lib/jvm/java-7-openjdk-amd64/jre/lib/amd64/libdt_socket.so
7f4ba82f3000-7f4ba82f6000 ---p 00000000 00:00 0 
7f4ba82f6000-7f4ba83f4000 rw-p 00000000 00:00 0 
7f4ba83f4000-7f4ba83f7000 ---p 00000000 00:00 0 
7f4ba83f7000-7f4ba84f5000 rw-p 00000000 00:00 0                          [stack:3347]
7f4ba84f5000-7f4ba84f8000 ---p 00000000 00:00 0 
7f4ba84f8000-7f4ba85f6000 rw-p 00000000 00:00 0                          [stack:3346]
7f4ba85f6000-7f4ba85f7000 ---p 00000000 00:00 0 
7f4ba85f7000-7f4ba9000000 rw-p 00000000 00:00 0                          [stack:3344]
7f4ba9000000-7f4ba9270000 rwxp 00000000 00:00 0 
7f4ba9270000-7f4bac12b000 rw-p 00000000 00:00 0 
7f4bac12b000-7f4bb0000000 ---p 00000000 00:00 0 
7f4bb0010000-7f4bb0704000 rw-p 00000000 00:00 0 
7f4bb0704000-7f4bb08b6000 r--s 01d2f000 08:07 149412                     /usr/lib/jvm/java-7-openjdk-amd64/jre/lib/rt.jar
7f4bb08b6000-7f4bb0be3000 rw-p 00000000 00:00 0 
7f4bb0be3000-7f4bb0be4000 ---p 00000000 00:00 0 
7f4bb0be4000-7f4bb0ce4000 rw-p 00000000 00:00 0                          [stack:3343]
7f4bb0ce4000-7f4bb0ce5000 ---p 00000000 00:00 0 
7f4bb0ce5000-7f4bb0de5000 rw-p 00000000 00:00 0                          [stack:3342]
7f4bb0de5000-7f4bb0de6000 ---p 00000000 00:00 0 
7f4bb0de6000-7f4bb0ee6000 rw-p 00000000 00:00 0                          [stack:3341]
7f4bb0ee6000-7f4bb0ee7000 ---p 00000000 00:00 0 
7f4bb0ee7000-7f4bb0ff2000 rw-p 00000000 00:00 0                          [stack:3340]
7f4bb0ff2000-7f4bb103a000 rw-p 00000000 00:00 0 
7f4bb103a000-7f4bb104e000 rw-p 00000000 00:00 0 
7f4bb104e000-7f4bb117b000 rw-p 00000000 00:00 0 
7f4bb117b000-7f4bb1186000 rw-p 00000000 00:00 0 
7f4bb1186000-7f4bb11ce000 rw-p 00000000 00:00 0 
7f4bb11ce000-7f4bb11e2000 rw-p 00000000 00:00 0 
7f4bb11e2000-7f4bb130e000 rw-p 00000000 00:00 0 
7f4bb130e000-7f4bb1319000 rw-p 00000000 00:00 0 
7f4bb1319000-7f4bb13af000 rw-p 00000000 00:00 0 
7f4bb13af000-7f4bb13b0000 rw-p 00000000 00:00 0 
7f4bb13b0000-7f4bb13b8000 r-xp 00000000 08:07 149421                     /usr/lib/jvm/java-7-openjdk-amd64/jre/lib/amd64/libzip.so
7f4bb13b8000-7f4bb15b7000 ---p 00008000 08:07 149421                     /usr/lib/jvm/java-7-openjdk-amd64/jre/lib/amd64/libzip.so
7f4bb15b7000-7f4bb15b8000 r--p 00007000 08:07 149421                     /usr/lib/jvm/java-7-openjdk-amd64/jre/lib/amd64/libzip.so
7f4bb15b8000-7f4bb15b9000 rw-p 00008000 08:07 149421                     /usr/lib/jvm/java-7-openjdk-amd64/jre/lib/amd64/libzip.so
7f4bb15b9000-7f4bb15c4000 r-xp 00000000 08:07 1444601                    /lib/x86_64-linux-gnu/libnss_files-2.19.so
7f4bb15c4000-7f4bb17c3000 ---p 0000b000 08:07 1444601                    /lib/x86_64-linux-gnu/libnss_files-2.19.so
7f4bb17c3000-7f4bb17c4000 r--p 0000a000 08:07 1444601                    /lib/x86_64-linux-gnu/libnss_files-2.19.so
7f4bb17c4000-7f4bb17c5000 rw-p 0000b000 08:07 1444601                    /lib/x86_64-linux-gnu/libnss_files-2.19.so
7f4bb17c5000-7f4bb17d0000 r-xp 00000000 08:07 1445784                    /lib/x86_64-linux-gnu/libnss_nis-2.19.so
7f4bb17d0000-7f4bb19cf000 ---p 0000b000 08:07 1445784                    /lib/x86_64-linux-gnu/libnss_nis-2.19.so
7f4bb19cf000-7f4bb19d0000 r--p 0000a000 08:07 1445784                    /lib/x86_64-linux-gnu/libnss_nis-2.19.so
7f4bb19d0000-7f4bb19d1000 rw-p 0000b000 08:07 1445784                    /lib/x86_64-linux-gnu/libnss_nis-2.19.so
7f4bb19d1000-7f4bb19e8000 r-xp 00000000 08:07 1445773                    /lib/x86_64-linux-gnu/libnsl-2.19.so
7f4bb19e8000-7f4bb1be7000 ---p 00017000 08:07 1445773                    /lib/x86_64-linux-gnu/libnsl-2.19.so
7f4bb1be7000-7f4bb1be8000 r--p 00016000 08:07 1445773                    /lib/x86_64-linux-gnu/libnsl-2.19.so
7f4bb1be8000-7f4bb1be9000 rw-p 00017000 08:07 1445773                    /lib/x86_64-linux-gnu/libnsl-2.19.so
7f4bb1be9000-7f4bb1beb000 rw-p 00000000 00:00 0 
7f4bb1beb000-7f4bb1bf4000 r-xp 00000000 08:07 1445772                    /lib/x86_64-linux-gnu/libnss_compat-2.19.so
7f4bb1bf4000-7f4bb1df3000 ---p 00009000 08:07 1445772                    /lib/x86_64-linux-gnu/libnss_compat-2.19.so
7f4bb1df3000-7f4bb1df4000 r--p 00008000 08:07 1445772                    /lib/x86_64-linux-gnu/libnss_compat-2.19.so
7f4bb1df4000-7f4bb1df5000 rw-p 00009000 08:07 1445772                    /lib/x86_64-linux-gnu/libnss_compat-2.19.so
7f4bb1df5000-7f4bb24d7000 r--p 00000000 08:07 139007                     /usr/lib/locale/locale-archive
7f4bb24d7000-7f4bb24d9000 r-xp 00000000 08:07 149430                     /usr/lib/jvm/java-7-openjdk-amd64/jre/lib/amd64/libnpt.so
7f4bb24d9000-7f4bb26d9000 ---p 00002000 08:07 149430                     /usr/lib/jvm/java-7-openjdk-amd64/jre/lib/amd64/libnpt.so
7f4bb26d9000-7f4bb26da000 r--p 00002000 08:07 149430                     /usr/lib/jvm/java-7-openjdk-amd64/jre/lib/amd64/libnpt.so
7f4bb26da000-7f4bb26db000 rw-p 00003000 08:07 149430                     /usr/lib/jvm/java-7-openjdk-amd64/jre/lib/amd64/libnpt.so
7f4bb26db000-7f4bb2715000 r-xp 00000000 08:07 149439                     /usr/lib/jvm/java-7-openjdk-amd64/jre/lib/amd64/libjdwp.so
7f4bb2715000-7f4bb2914000 ---p 0003a000 08:07 149439                     /usr/lib/jvm/java-7-openjdk-amd64/jre/lib/amd64/libjdwp.so
7f4bb2914000-7f4bb2915000 r--p 00039000 08:07 149439                     /usr/lib/jvm/java-7-openjdk-amd64/jre/lib/amd64/libjdwp.so
7f4bb2915000-7f4bb2916000 rw-p 0003a000 08:07 149439                     /usr/lib/jvm/java-7-openjdk-amd64/jre/lib/amd64/libjdwp.so
7f4bb2916000-7f4bb2941000 r-xp 00000000 08:07 149442                     /usr/lib/jvm/java-7-openjdk-amd64/jre/lib/amd64/libjava.so
7f4bb2941000-7f4bb2b41000 ---p 0002b000 08:07 149442                     /usr/lib/jvm/java-7-openjdk-amd64/jre/lib/amd64/libjava.so
7f4bb2b41000-7f4bb2b42000 r--p 0002b000 08:07 149442                     /usr/lib/jvm/java-7-openjdk-amd64/jre/lib/amd64/libjava.so
7f4bb2b42000-7f4bb2b44000 rw-p 0002c000 08:07 149442                     /usr/lib/jvm/java-7-openjdk-amd64/jre/lib/amd64/libjava.so
7f4bb2b44000-7f4bb2b54000 r-xp 00000000 08:07 149426                     /usr/lib/jvm/java-7-openjdk-amd64/jre/lib/amd64/libverify.so
7f4bb2b54000-7f4bb2d53000 ---p 00010000 08:07 149426                     /usr/lib/jvm/java-7-openjdk-amd64/jre/lib/amd64/libverify.so
7f4bb2d53000-7f4bb2d55000 r--p 0000f000 08:07 149426                     /usr/lib/jvm/java-7-openjdk-amd64/jre/lib/amd64/libverify.so
7f4bb2d55000-7f4bb2d56000 rw-p 00011000 08:07 149426                     /usr/lib/jvm/java-7-openjdk-amd64/jre/lib/amd64/libverify.so
7f4bb2d56000-7f4bb2d5d000 r-xp 00000000 08:07 1445781                    /lib/x86_64-linux-gnu/librt-2.19.so
7f4bb2d5d000-7f4bb2f5c000 ---p 00007000 08:07 1445781                    /lib/x86_64-linux-gnu/librt-2.19.so
7f4bb2f5c000-7f4bb2f5d000 r--p 00006000 08:07 1445781                    /lib/x86_64-linux-gnu/librt-2.19.so
7f4bb2f5d000-7f4bb2f5e000 rw-p 00007000 08:07 1445781                    /lib/x86_64-linux-gnu/librt-2.19.so
7f4bb2f5e000-7f4bb2f74000 r-xp 00000000 08:07 1444596                    /lib/x86_64-linux-gnu/libgcc_s.so.1
7f4bb2f74000-7f4bb3173000 ---p 00016000 08:07 1444596                    /lib/x86_64-linux-gnu/libgcc_s.so.1
7f4bb3173000-7f4bb3174000 rw-p 00015000 08:07 1444596                    /lib/x86_64-linux-gnu/libgcc_s.so.1
7f4bb3174000-7f4bb3279000 r-xp 00000000 08:07 1444600                    /lib/x86_64-linux-gnu/libm-2.19.so
7f4bb3279000-7f4bb3478000 ---p 00105000 08:07 1444600                    /lib/x86_64-linux-gnu/libm-2.19.so
7f4bb3478000-7f4bb3479000 r--p 00104000 08:07 1444600                    /lib/x86_64-linux-gnu/libm-2.19.so
7f4bb3479000-7f4bb347a000 rw-p 00105000 08:07 1444600                    /lib/x86_64-linux-gnu/libm-2.19.so
7f4bb347a000-7f4bb3560000 r-xp 00000000 08:07 137593                     /usr/lib/x86_64-linux-gnu/libstdc++.so.6.0.19
7f4bb3560000-7f4bb375f000 ---p 000e6000 08:07 137593                     /usr/lib/x86_64-linux-gnu/libstdc++.so.6.0.19
7f4bb375f000-7f4bb3767000 r--p 000e5000 08:07 137593                     /usr/lib/x86_64-linux-gnu/libstdc++.so.6.0.19
7f4bb3767000-7f4bb3769000 rw-p 000ed000 08:07 137593                     /usr/lib/x86_64-linux-gnu/libstdc++.so.6.0.19
7f4bb3769000-7f4bb377e000 rw-p 00000000 00:00 0 
7f4bb377e000-7f4bb42a3000 r-xp 00000000 08:07 149422                     /usr/lib/jvm/java-7-openjdk-amd64/jre/lib/amd64/server/libjvm.so
7f4bb42a3000-7f4bb44a3000 ---p 00b25000 08:07 149422                     /usr/lib/jvm/java-7-openjdk-amd64/jre/lib/amd64/server/libjvm.so
7f4bb44a3000-7f4bb453d000 r--p 00b25000 08:07 149422                     /usr/lib/jvm/java-7-openjdk-amd64/jre/lib/amd64/server/libjvm.so
7f4bb453d000-7f4bb4560000 rw-p 00bbf000 08:07 149422                     /usr/lib/jvm/java-7-openjdk-amd64/jre/lib/amd64/server/libjvm.so
7f4bb4560000-7f4bb458e000 rw-p 00000000 00:00 0 
7f4bb458e000-7f4bb45a6000 r-xp 00000000 08:07 1443531                    /lib/x86_64-linux-gnu/libz.so.1.2.8
7f4bb45a6000-7f4bb47a5000 ---p 00018000 08:07 1443531                    /lib/x86_64-linux-gnu/libz.so.1.2.8
7f4bb47a5000-7f4bb47a6000 r--p 00017000 08:07 1443531                    /lib/x86_64-linux-gnu/libz.so.1.2.8
7f4bb47a6000-7f4bb47a7000 rw-p 00018000 08:07 1443531                    /lib/x86_64-linux-gnu/libz.so.1.2.8
7f4bb47a7000-7f4bb47c0000 r-xp 00000000 08:07 1445779                    /lib/x86_64-linux-gnu/libpthread-2.19.so
7f4bb47c0000-7f4bb49bf000 ---p 00019000 08:07 1445779                    /lib/x86_64-linux-gnu/libpthread-2.19.so
7f4bb49bf000-7f4bb49c0000 r--p 00018000 08:07 1445779                    /lib/x86_64-linux-gnu/libpthread-2.19.so
7f4bb49c0000-7f4bb49c1000 rw-p 00019000 08:07 1445779                    /lib/x86_64-linux-gnu/libpthread-2.19.so
7f4bb49c1000-7f4bb49c5000 rw-p 00000000 00:00 0 
7f4bb49c5000-7f4bb49c8000 r-xp 00000000 08:07 1444604                    /lib/x86_64-linux-gnu/libdl-2.19.so
7f4bb49c8000-7f4bb4bc7000 ---p 00003000 08:07 1444604                    /lib/x86_64-linux-gnu/libdl-2.19.so
7f4bb4bc7000-7f4bb4bc8000 r--p 00002000 08:07 1444604                    /lib/x86_64-linux-gnu/libdl-2.19.so
7f4bb4bc8000-7f4bb4bc9000 rw-p 00003000 08:07 1444604                    /lib/x86_64-linux-gnu/libdl-2.19.so
7f4bb4bc9000-7f4bb4d84000 r-xp 00000000 08:07 1445778                    /lib/x86_64-linux-gnu/libc-2.19.so
7f4bb4d84000-7f4bb4f83000 ---p 001bb000 08:07 1445778                    /lib/x86_64-linux-gnu/libc-2.19.so
7f4bb4f83000-7f4bb4f87000 r--p 001ba000 08:07 1445778                    /lib/x86_64-linux-gnu/libc-2.19.so
7f4bb4f87000-7f4bb4f89000 rw-p 001be000 08:07 1445778                    /lib/x86_64-linux-gnu/libc-2.19.so
7f4bb4f89000-7f4bb4f8e000 rw-p 00000000 00:00 0 
7f4bb4f8e000-7f4bb4f9b000 r-xp 00000000 08:07 149416                     /usr/lib/jvm/java-7-openjdk-amd64/jre/lib/amd64/jli/libjli.so
7f4bb4f9b000-7f4bb519a000 ---p 0000d000 08:07 149416                     /usr/lib/jvm/java-7-openjdk-amd64/jre/lib/amd64/jli/libjli.so
7f4bb519a000-7f4bb519b000 r--p 0000c000 08:07 149416                     /usr/lib/jvm/java-7-openjdk-amd64/jre/lib/amd64/jli/libjli.so
7f4bb519b000-7f4bb519c000 rw-p 0000d000 08:07 149416                     /usr/lib/jvm/java-7-openjdk-amd64/jre/lib/amd64/jli/libjli.so
7f4bb519c000-7f4bb51bf000 r-xp 00000000 08:07 1445775                    /lib/x86_64-linux-gnu/ld-2.19.so
7f4bb51bf000-7f4bb51c3000 r--s 0003c000 08:07 150715                     /usr/lib/jvm/java-7-openjdk-amd64/jre/lib/ext/sunpkcs11.jar
7f4bb51c3000-7f4bb51c7000 r--s 00085000 08:07 150710                     /usr/lib/jvm/java-7-openjdk-amd64/jre/lib/ext/localedata.jar
7f4bb51c7000-7f4bb51e8000 rw-p 00000000 00:00 0 
7f4bb51e8000-7f4bb529e000 rw-p 00000000 00:00 0 
7f4bb529e000-7f4bb529f000 ---p 00000000 00:00 0 
7f4bb529f000-7f4bb53a5000 rw-p 00000000 00:00 0                          [stack:3335]
7f4bb53a5000-7f4bb53a6000 rw-p 00000000 00:00 0 
7f4bb53a6000-7f4bb53a7000 r--s 00002000 08:07 150716                     /usr/lib/jvm/java-7-openjdk-amd64/jre/lib/ext/dnsns.jar
7f4bb53a7000-7f4bb53ab000 r--s 00034000 08:07 150712                     /usr/lib/jvm/java-7-openjdk-amd64/jre/lib/ext/sunjce_provider.jar
7f4bb53ab000-7f4bb53ae000 r--s 0000f000 08:07 150717                     /usr/lib/jvm/java-7-openjdk-amd64/jre/lib/ext/icedtea-sound.jar
7f4bb53ae000-7f4bb53b0000 r--s 00012000 08:07 150714                     /usr/lib/jvm/java-7-openjdk-amd64/jre/lib/ext/zipfs.jar
7f4bb53b0000-7f4bb53b2000 r--s 00006000 08:07 529796                     /usr/share/java/java-atk-wrapper.jar
7f4bb53b2000-7f4bb53ba000 rw-s 00000000 08:07 916701                     /tmp/hsperfdata_prutha/3333
7f4bb53ba000-7f4bb53bb000 rw-p 00000000 00:00 0 
7f4bb53bb000-7f4bb53bc000 ---p 00000000 00:00 0 
7f4bb53bc000-7f4bb53be000 rw-p 00000000 00:00 0 
7f4bb53be000-7f4bb53bf000 r--p 00022000 08:07 1445775                    /lib/x86_64-linux-gnu/ld-2.19.so
7f4bb53bf000-7f4bb53c0000 rw-p 00023000 08:07 1445775                    /lib/x86_64-linux-gnu/ld-2.19.so
7f4bb53c0000-7f4bb53c1000 rw-p 00000000 00:00 0 
7ffed1cf8000-7ffed1d19000 rw-p 00000000 00:00 0                          [stack]
7ffed1d68000-7ffed1d6a000 r-xp 00000000 00:00 0                          [vdso]
ffffffffff600000-ffffffffff601000 r-xp 00000000 00:00 0                  [vsyscall]

VM Arguments:
jvm_args: -agentlib:jdwp=transport=dt_socket,suspend=y,address=localhost:42145 -Dfile.encoding=UTF-8 
java_command: maximumContiguousSum.MaximumContiguousSum
Launcher Type: SUN_STANDARD

Environment Variables:
PATH=/usr/local/sbin:/usr/local/bin:/usr/sbin:/usr/bin:/sbin:/bin:/usr/games:/usr/local/games
SHELL=/bin/bash
DISPLAY=:0

Signal Handlers:
SIGSEGV: [libjvm.so+0x955bc0], sa_mask[0]=0x7ffbfeff, sa_flags=0x10000004
SIGBUS: [libjvm.so+0x955bc0], sa_mask[0]=0x7ffbfeff, sa_flags=0x10000004
SIGFPE: [libjvm.so+0x7caff0], sa_mask[0]=0x7ffbfeff, sa_flags=0x10000004
SIGPIPE: [libjvm.so+0x7caff0], sa_mask[0]=0x7ffbfeff, sa_flags=0x10000004
SIGXFSZ: [libjvm.so+0x7caff0], sa_mask[0]=0x7ffbfeff, sa_flags=0x10000004
SIGILL: [libjvm.so+0x7caff0], sa_mask[0]=0x7ffbfeff, sa_flags=0x10000004
SIGUSR1: SIG_DFL, sa_mask[0]=0x00000000, sa_flags=0x00000000
SIGUSR2: [libjvm.so+0x7cae90], sa_mask[0]=0x00000004, sa_flags=0x10000004
SIGHUP: [libjvm.so+0x7cb070], sa_mask[0]=0x7ffbfeff, sa_flags=0x10000004
SIGINT: [libjvm.so+0x7cb070], sa_mask[0]=0x7ffbfeff, sa_flags=0x10000004
SIGTERM: [libjvm.so+0x7cb070], sa_mask[0]=0x7ffbfeff, sa_flags=0x10000004
SIGQUIT: [libjvm.so+0x7cb070], sa_mask[0]=0x7ffbfeff, sa_flags=0x10000004
SIGTRAP: SIG_DFL, sa_mask[0]=0x00000000, sa_flags=0x00000000


---------------  S Y S T E M  ---------------

OS:Ubuntu 14.04 (trusty)
uname:Linux 3.13.0-77-generic #121-Ubuntu SMP Wed Jan 20 10:50:42 UTC 2016 x86_64
libc:glibc 2.19 NPTL 2.19 
rlimit: STACK 8192k, CORE 0k, NPROC 30605, NOFILE 4096, AS infinity
load average:1.41 0.68 0.54

/proc/meminfo:
MemTotal:        3939088 kB
MemFree:          704380 kB
Buffers:           68436 kB
Cached:          1239132 kB
SwapCached:        75056 kB
Active:          1793392 kB
Inactive:        1236356 kB
Active(anon):    1461792 kB
Inactive(anon):   581824 kB
Active(file):     331600 kB
Inactive(file):   654532 kB
Unevictable:          32 kB
Mlocked:              32 kB
SwapTotal:       4083708 kB
SwapFree:        3572108 kB
Dirty:               416 kB
Writeback:             0 kB
AnonPages:       1670828 kB
Mapped:           162232 kB
Shmem:            321404 kB
Slab:              97524 kB
SReclaimable:      62316 kB
SUnreclaim:        35208 kB
KernelStack:        4112 kB
PageTables:        33716 kB
NFS_Unstable:          0 kB
Bounce:                0 kB
WritebackTmp:          0 kB
CommitLimit:     6053252 kB
Committed_AS:    5892044 kB
VmallocTotal:   34359738367 kB
VmallocUsed:      360720 kB
VmallocChunk:   34359334172 kB
HardwareCorrupted:     0 kB
AnonHugePages:    401408 kB
HugePages_Total:       0
HugePages_Free:        0
HugePages_Rsvd:        0
HugePages_Surp:        0
Hugepagesize:       2048 kB
DirectMap4k:       62012 kB
DirectMap2M:     4024320 kB


CPU:total 4 (2 cores per cpu, 2 threads per core) family 6 model 42 stepping 7, cmov, cx8, fxsr, mmx, sse, sse2, sse3, ssse3, sse4.1, sse4.2, popcnt, avx, aes, ht, tsc, tscinvbit

/proc/cpuinfo:
processor	: 0
vendor_id	: GenuineIntel
cpu family	: 6
model		: 42
model name	: Intel(R) Core(TM) i5-2450M CPU @ 2.50GHz
stepping	: 7
microcode	: 0x23
cpu MHz		: 2501.000
cache size	: 3072 KB
physical id	: 0
siblings	: 4
core id		: 0
cpu cores	: 2
apicid		: 0
initial apicid	: 0
fpu		: yes
fpu_exception	: yes
cpuid level	: 13
wp		: yes
flags		: fpu vme de pse tsc msr pae mce cx8 apic sep mtrr pge mca cmov pat pse36 clflush dts acpi mmx fxsr sse sse2 ss ht tm pbe syscall nx rdtscp lm constant_tsc arch_perfmon pebs bts nopl xtopology nonstop_tsc aperfmperf eagerfpu pni pclmulqdq dtes64 monitor ds_cpl vmx est tm2 ssse3 cx16 xtpr pdcm pcid sse4_1 sse4_2 x2apic popcnt tsc_deadline_timer aes xsave avx lahf_lm ida arat epb xsaveopt pln pts dtherm tpr_shadow vnmi flexpriority ept vpid
bogomips	: 4983.42
clflush size	: 64
cache_alignment	: 64
address sizes	: 36 bits physical, 48 bits virtual
power management:

processor	: 1
vendor_id	: GenuineIntel
cpu family	: 6
model		: 42
model name	: Intel(R) Core(TM) i5-2450M CPU @ 2.50GHz
stepping	: 7
microcode	: 0x23
cpu MHz		: 800.000
cache size	: 3072 KB
physical id	: 0
siblings	: 4
core id		: 0
cpu cores	: 2
apicid		: 1
initial apicid	: 1
fpu		: yes
fpu_exception	: yes
cpuid level	: 13
wp		: yes
flags		: fpu vme de pse tsc msr pae mce cx8 apic sep mtrr pge mca cmov pat pse36 clflush dts acpi mmx fxsr sse sse2 ss ht tm pbe syscall nx rdtscp lm constant_tsc arch_perfmon pebs bts nopl xtopology nonstop_tsc aperfmperf eagerfpu pni pclmulqdq dtes64 monitor ds_cpl vmx est tm2 ssse3 cx16 xtpr pdcm pcid sse4_1 sse4_2 x2apic popcnt tsc_deadline_timer aes xsave avx lahf_lm ida arat epb xsaveopt pln pts dtherm tpr_shadow vnmi flexpriority ept vpid
bogomips	: 4983.42
clflush size	: 64
cache_alignment	: 64
address sizes	: 36 bits physical, 48 bits virtual
power management:

processor	: 2
vendor_id	: GenuineIntel
cpu family	: 6
model		: 42
model name	: Intel(R) Core(TM) i5-2450M CPU @ 2.50GHz
stepping	: 7
microcode	: 0x23
cpu MHz		: 800.000
cache size	: 3072 KB
physical id	: 0
siblings	: 4
core id		: 1
cpu cores	: 2
apicid		: 2
initial apicid	: 2
fpu		: yes
fpu_exception	: yes
cpuid level	: 13
wp		: yes
flags		: fpu vme de pse tsc msr pae mce cx8 apic sep mtrr pge mca cmov pat pse36 clflush dts acpi mmx fxsr sse sse2 ss ht tm pbe syscall nx rdtscp lm constant_tsc arch_perfmon pebs bts nopl xtopology nonstop_tsc aperfmperf eagerfpu pni pclmulqdq dtes64 monitor ds_cpl vmx est tm2 ssse3 cx16 xtpr pdcm pcid sse4_1 sse4_2 x2apic popcnt tsc_deadline_timer aes xsave avx lahf_lm ida arat epb xsaveopt pln pts dtherm tpr_shadow vnmi flexpriority ept vpid
bogomips	: 4983.42
clflush size	: 64
cache_alignment	: 64
address sizes	: 36 bits physical, 48 bits virtual
power management:

processor	: 3
vendor_id	: GenuineIntel
cpu family	: 6
model		: 42
model name	: Intel(R) Core(TM) i5-2450M CPU @ 2.50GHz
stepping	: 7
microcode	: 0x23
cpu MHz		: 2501.000
cache size	: 3072 KB
physical id	: 0
siblings	: 4
core id		: 1
cpu cores	: 2
apicid		: 3
initial apicid	: 3
fpu		: yes
fpu_exception	: yes
cpuid level	: 13
wp		: yes
flags		: fpu vme de pse tsc msr pae mce cx8 apic sep mtrr pge mca cmov pat pse36 clflush dts acpi mmx fxsr sse sse2 ss ht tm pbe syscall nx rdtscp lm constant_tsc arch_perfmon pebs bts nopl xtopology nonstop_tsc aperfmperf eagerfpu pni pclmulqdq dtes64 monitor ds_cpl vmx est tm2 ssse3 cx16 xtpr pdcm pcid sse4_1 sse4_2 x2apic popcnt tsc_deadline_timer aes xsave avx lahf_lm ida arat epb xsaveopt pln pts dtherm tpr_shadow vnmi flexpriority ept vpid
bogomips	: 4983.42
clflush size	: 64
cache_alignment	: 64
address sizes	: 36 bits physical, 48 bits virtual
power management:



Memory: 4k page, physical 3939088k(704380k free), swap 4083708k(3572108k free)

vm_info: OpenJDK 64-Bit Server VM (24.95-b01) for linux-amd64 JRE (1.7.0_95-b00), built on Jan 21 2016 03:31:40 by "buildd" with gcc 4.8.4

time: Wed Feb 17 21:54:27 2016
elapsed time: 78 seconds

